<?xml version="1.0" encoding="UTF-8"?>
<testng-results ignored="0" total="1" passed="1" failed="0" skipped="0">
  <reporter-output>
  </reporter-output>
  <suite started-at="2021-06-25T10:26:33 IST" name="Default suite" finished-at="2021-06-25T10:26:48 IST" duration-ms="15392">
    <groups>
      <group name="cucumber">
        <method signature="AbstractTestNGCucumberTests.runScenario(io.cucumber.testng.PickleWrapper, io.cucumber.testng.FeatureWrapper)[pri:0, instance:runners.TestNGrunner@69997e9d]" name="runScenario" class="io.cucumber.testng.AbstractTestNGCucumberTests"/>
      </group> <!-- cucumber -->
    </groups>
    <test started-at="2021-06-25T10:26:33 IST" name="Default test" finished-at="2021-06-25T10:26:48 IST" duration-ms="15392">
      <class name="runners.TestNGrunner">
        <test-method is-config="true" signature="setUpClass()[pri:0, instance:runners.TestNGrunner@69997e9d]" started-at="2021-06-25T10:26:33 IST" name="setUpClass" finished-at="2021-06-25T10:26:33 IST" duration-ms="682" status="PASS">
          <reporter-output>
          </reporter-output>
        </test-method> <!-- setUpClass -->
        <test-method signature="runScenario(io.cucumber.testng.PickleWrapper, io.cucumber.testng.FeatureWrapper)[pri:0, instance:runners.TestNGrunner@69997e9d]" started-at="2021-06-25T10:26:33 IST" name="runScenario" description="Runs Cucumber Scenarios" data-provider="scenarios" finished-at="2021-06-25T10:26:45 IST" duration-ms="12072" status="PASS">
          <params>
            <param index="0">
              <value>
                <![CDATA["Login Application"]]>
              </value>
            </param>
            <param index="1">
              <value>
                <![CDATA["Optional[Title of your feature]"]]>
              </value>
            </param>
          </params>
          <reporter-output>
          </reporter-output>
        </test-method> <!-- runScenario -->
        <test-method is-config="true" signature="tearDownClass()[pri:0, instance:runners.TestNGrunner@69997e9d]" started-at="2021-06-25T10:26:45 IST" name="tearDownClass" finished-at="2021-06-25T10:26:48 IST" duration-ms="2585" status="PASS">
          <reporter-output>
          </reporter-output>
        </test-method> <!-- tearDownClass -->
      </class> <!-- runners.TestNGrunner -->
    </test> <!-- Default test -->
  </suite> <!-- Default suite -->
</testng-results>
